[2026-02-06 11:04:25] 操作: 切换用户状态, 用户: Tai, 操作者: godhat , 详情: 新状态: 禁用 
[2026-02-06 11:06:05] 操作: 切换用户状态, 用户: Tai, 操作者: godhat , 详情: 新状态: 启用 
[2026-02-06 11:08:20] 操作: 更新用户, 用户: Tai, 操作者: godhat , 详情: 新角色: user 密码已修改 
[2026-02-06 11:08:37] 操作: 切换用户状态, 用户: Dai, 操作者: godhat , 详情: 新状态: 启用 
[2026-04-17 15:14:27] 操作: 创建工单, 用户: IT部新增的3个系统平台，分工如下, 操作者: godhat , 详情: 优先级: 高, 状态: pending 
[2026-04-17 15:15:33] 操作: 创建工单, 用户: 公有云-托管云认证材料, 操作者: godhat , 详情: 优先级: 中, 状态: pending 
[2026-04-17 15:26:05] 操作: 派发工单, 用户: 工单ID: 2, 操作者: godhat , 详情: 派发给用户ID: 11 
[2026-04-17 15:59:28] 操作: 创建工单, 用户: 温圣霞Windows要重置密码, 操作者: godhat , 详情: 优先级: 低, 分类: 一般 
[2026-04-17 16:00:46] 操作: 创建工单, 用户: 温圣霞要拷贝上任的桌面文件, 操作者: godhat , 详情: 优先级: 紧急, 分类: 账号权限 
[2026-04-17 16:01:02] 操作: 派发工单, 用户: 工单ID: 4, 操作者: godhat , 详情: 派发给用户ID: 15 
[2026-04-17 16:01:23] 操作: 派发工单, 用户: 工单ID: 1, 操作者: godhat , 详情: 派发给用户ID: 2 
[2026-04-17 16:02:16] 操作: 开始处理工单, 用户: 工单ID: 1, 操作者: godhat 
[2026-04-17 16:02:37] 操作: 完成工单, 用户: 工单ID: 1, 操作者: godhat 
[2026-04-17 16:03:28] 操作: 开始处理工单, 用户: 工单ID: 4, 操作者: godhat 
[2026-04-17 16:03:48] 操作: 完成工单, 用户: 工单ID: 4, 操作者: godhat 
[2026-04-17 17:09:20] 操作: 关闭工单, 用户: 工单ID: 1, 操作者: godhat , 详情: 已处理和交付 
[2026-04-25 09:48:49] 操作: 更新用户, 用户: admin, 操作者: godhat , 详情: 新角色: admin 密码已修改 
[2026-04-25 09:49:10] 操作: 更新用户, 用户: godhat, 操作者: godhat , 详情: 新角色: admin 密码已修改 
[2026-04-27 11:29:33] 操作: 创建项目, 用户: LVCC_托管云, 操作者: godhat , 详情: 项目编号: PRJ20260427001 
[2026-04-27 11:29:50] 操作: 创建项目, 用户: Test Project, 操作者: admin , 详情: 项目编号: PRJ20260427002 
[2026-04-27 11:29:50] 操作: 创建任务, 用户: 需求调研, 操作者: admin , 详情: 任务编号: TSK20260427001 
[2026-04-27 11:29:50] 操作: 任务转工单, 用户: 任务ID:1 → 工单:ITS20260427001, 操作者: admin 
[2026-04-27 11:29:50] 操作: 删除项目, 用户: 项目ID: 2, 操作者: admin 
[2026-04-27 11:30:05] 操作: 删除项目, 用户: 项目ID: 1, 操作者: 系统 
[2026-04-27 11:37:55] 操作: 创建项目, 用户: LVCC_HRM, 操作者: godhat , 详情: 项目编号: PRJ20260427001 
[2026-04-27 11:38:32] 操作: 创建项目, 用户: LVCC_协同平台, 操作者: godhat , 详情: 项目编号: PRJ20260427002 
[2026-04-27 12:35:44] 操作: 创建任务, 用户: 体验环境准备与创建沟通群, 操作者: godhat , 详情: 任务编号: TSK20260427001 
[2026-04-27 14:01:21] 操作: 任务转工单, 用户: 任务ID:2 → 工单:ITS20260427001, 操作者: godhat 
[2026-04-27 14:02:48] 操作: 创建项目, 用户: LVCC_托管云平台, 操作者: godhat , 详情: 项目编号: PRJ20260427003 
[2026-04-27 14:25:43] 操作: 创建任务, 用户: 内部知会干系人, 操作者: godhat , 详情: 任务编号: TSK20260427002 
[2026-05-05 15:34:51] 操作: 创建项目, 用户: LVCC_互联网专线冗余, 操作者: admin , 详情: 项目编号: PRJ20260505001 
[2026-05-05 15:37:37] 操作: 创建任务, 用户: 专线套餐及报价, 操作者: admin , 详情: 任务编号: TSK20260505001 
[2026-05-05 15:37:59] 操作: 创建任务, 用户: 现场勘察和开通, 操作者: admin , 详情: 任务编号: TSK20260505002 
[2026-05-06 11:17:01] 操作: 创建工单, 用户: AI知识库（腾讯乐享AI）, 操作者: admin , 详情: 工单号: ITS20260506001, 优先级: 低, 分类: 一般 
[2026-05-06 11:17:32] 操作: 更新用户, 用户: godhat, 操作者: admin , 详情: 新角色: admin 密码已修改 
[2026-05-06 11:18:03] 操作: 派发工单, 用户: 工单ID: 7, 操作者: godhat , 详情: 派发给用户ID: 2 
[2026-05-06 11:18:36] 操作: 关闭工单, 用户: 工单ID: 7, 操作者: godhat , 详情: 已处理和交付 
[2026-05-06 11:21:46] 操作: 创建任务, 用户: 现场勘察与开通, 操作者: godhat , 详情: 任务编号: TSK20260506001 
[2026-05-07 10:46:44] 操作: 创建工单, 用户: 公司捐款（营销中心-许磊）, 操作者: godhat , 详情: 工单号: ITS20260507001, 优先级: 低, 分类: 一般 
[2026-05-07 10:46:53] 操作: 派发工单, 用户: 工单ID: 8, 操作者: godhat , 详情: 派发给用户ID: 2 
[2026-05-07 10:47:30] 操作: 添加工单评论, 用户: 工单ID: 8, 操作者: godhat 
[2026-05-07 10:47:33] 操作: 关闭工单, 用户: 工单ID: 8, 操作者: godhat , 详情: 已处理和交付 
[2026-05-07 10:49:13] 操作: 创建工单, 用户: 公司小程序评价, 操作者: godhat , 详情: 工单号: ITS20260507001, 优先级: 中, 分类: 一般 
[2026-05-07 10:49:23] 操作: 派发工单, 用户: 工单ID: 9, 操作者: godhat , 详情: 派发给用户ID: 2 
[2026-05-07 10:49:41] 操作: 添加工单评论, 用户: 工单ID: 9, 操作者: godhat 
[2026-05-07 10:50:28] 操作: 添加工单评论, 用户: 工单ID: 9, 操作者: godhat 
[2026-05-07 10:50:29] 操作: 关闭工单, 用户: 工单ID: 9, 操作者: godhat , 详情: 已处理和交付 
[2026-05-07 11:12:34] 操作: 创建工单, 用户: 吴明海要安装CAD, 操作者: godhat , 详情: 工单号: ITS20260507001, 优先级: 低, 分类: 一般 
[2026-05-07 14:09:15] 操作: 创建工单, 用户: 关于PMC主管的流程问题, 操作者: godhat , 详情: 工单号: ITS20260507001, 优先级: 紧急, 分类: 其他 
[2026-05-07 14:09:31] 操作: 派发工单, 用户: 工单ID: 11, 操作者: godhat , 详情: 派发给用户ID: 2 
[2026-05-07 14:09:40] 操作: 开始处理工单, 用户: 工单ID: 11, 操作者: godhat 
[2026-05-07 14:23:06] 操作: 添加工单评论, 用户: 工单ID: 11, 操作者: godhat 
[2026-05-07 14:23:21] 操作: 添加工单评论, 用户: 工单ID: 11, 操作者: godhat 
[2026-05-07 14:23:23] 操作: 完成工单, 用户: 工单ID: 11, 操作者: godhat 
[2026-05-07 14:23:42] 操作: 关闭工单, 用户: 工单ID: 11, 操作者: godhat , 详情: 已处理和交付 
[2026-05-07 14:59:05] 操作: 创建工单, 用户: IDC的精密空调，日期和时间不对, 操作者: godhat , 详情: 工单号: ITS202605071459057145, 优先级: 中, 分类: 其他 
[2026-05-07 15:01:37] 操作: 派发工单, 用户: 工单ID: 12, 操作者: godhat , 详情: 派发给用户ID: 2 
[2026-05-07 15:02:41] 操作: 添加工单评论, 用户: 工单ID: 11, 操作者: godhat 
[2026-05-07 15:05:10] 操作: 创建工单, 用户: 考勤确认，提醒部门成员钉钉处理掉4月考勤确认, 操作者: godhat , 详情: 工单号: ITS202605071505107510, 优先级: 中, 分类: 一般 
[2026-05-07 15:14:34] 操作: 派发工单, 用户: 工单ID: 13, 操作者: godhat , 详情: 派发给用户ID: 2 
[2026-05-07 15:14:48] 操作: 开始处理工单, 用户: 工单ID: 13, 操作者: godhat 
[2026-05-07 15:15:10] 操作: 添加工单评论, 用户: 工单ID: 13, 操作者: godhat 
[2026-05-07 15:15:21] 操作: 开始处理工单, 用户: 工单ID: 13, 操作者: godhat 
[2026-05-07 15:15:29] 操作: 完成工单, 用户: 工单ID: 13, 操作者: godhat 
[2026-05-07 15:16:01] 操作: 关闭工单, 用户: 工单ID: 13, 操作者: godhat , 详情: 已处理和交付 
[2026-05-07 15:17:21] 操作: 创建工单, 用户: 张大锌的电脑昨天没修好, 操作者: godhat , 详情: 工单号: ITS2026050715172113824140, 优先级: 中, 分类: 硬件故障 
[2026-05-07 15:56:20] 操作: 创建工单, 用户: 园区停电8:00, 操作者: godhat , 详情: 工单号: ITS202605072026-05-07 15:56:20, 优先级: 中, 分类: IT事件 
[2026-05-07 16:37:10] 操作: 编辑工单, 用户: 工单ID: 15, 操作者: godhat 
[2026-05-07 16:37:22] 操作: 编辑工单, 用户: 工单ID: 14, 操作者: godhat 
[2026-05-07 16:37:38] 操作: 编辑工单, 用户: 工单ID: 15, 操作者: godhat 
[2026-05-07 16:37:46] 操作: 编辑工单, 用户: 工单ID: 14, 操作者: godhat 
[2026-05-07 16:37:55] 操作: 编辑工单, 用户: 工单ID: 13, 操作者: godhat 
[2026-05-07 16:38:08] 操作: 编辑工单, 用户: 工单ID: 12, 操作者: godhat 
[2026-05-07 16:38:21] 操作: 编辑工单, 用户: 工单ID: 13, 操作者: godhat 
